<?xml version="1.0" encoding="UTF-8"?>
<!-- Generated by org.testng.reporters.JUnitXMLReporter -->
<testsuite ignored="0" hostname="DESKTOP-14N1F2H" failures="0" tests="3" name="SwaglabCheckoutTest" time="13.44" errors="0" timestamp="2024-09-18T23:45:01 EDT">
  <testcase classname="com.pro.testcases.CheckoutTest" name="TestCheckOut" time="3.476"/>
  <testcase classname="com.pro.testcases.CheckoutTest" name="TestCheckOut2" time="2.545"/>
  <testcase classname="com.pro.testcases.CheckoutTest" name="TestCheckOut3" time="2.615"/>
</testsuite> <!-- SwaglabCheckoutTest -->
