<?xml version="1.0" encoding="UTF-8"?>
<!-- Generated by org.testng.reporters.JUnitXMLReporter -->
<testsuite ignored="0" hostname="DESKTOP-14N1F2H" failures="0" tests="1" name="SwaglabaddCartTest" time="0.007" errors="0" timestamp="2024-08-16T08:04:26 EDT">
  <testcase classname="com.pro.pages.TestBase" name="@BeforeTest setup" time="0.0">
    <failure type="java.lang.NullPointerException" message="Cannot invoke &amp;quot;com.pro.Utilities.ConfigDataProvider.getUrl()&amp;quot; because &amp;quot;this.config&amp;quot; is null">
      <![CDATA[java.lang.NullPointerException: Cannot invoke "com.pro.Utilities.ConfigDataProvider.getUrl()" because "this.config" is null
at com.pro.pages.TestBase.setup(TestBase.java:80)
... Removed 24 stack frames]]>
    </failure>
  </testcase> <!-- @BeforeTest setup -->
  <testcase classname="com.pro.pages.TestBase" name="@AfterMethod tearDownMethod" time="-1.723809866389E9">
    <skipped/>
  </testcase> <!-- @AfterMethod tearDownMethod -->
  <testcase classname="com.pro.pages.TestBase" name="@AfterTest Teardown" time="-1.72380986639E9">
    <skipped/>
  </testcase> <!-- @AfterTest Teardown -->
  <testcase classname="com.pro.testcases.AddToCartTest" name="TestAddToCart" time="0.0">
    <skipped/>
  </testcase> <!-- TestAddToCart -->
</testsuite> <!-- SwaglabaddCartTest -->
