<?xml version="1.0" encoding="UTF-8"?>
<!-- Generated by org.testng.reporters.JUnitXMLReporter -->
<testsuite ignored="1" hostname="DESKTOP-14N1F2H" failures="0" tests="1" name="SwaglabLoginTests" time="7.24" errors="0" timestamp="2024-08-18T21:24:22 EDT">
  <testcase classname="com.pro.testcases.HomePageTest" name="Testswaglablogin2" time="0.537"/>
  <testcase classname="com.pro.testcases.HomePageTest" name="Testswaglablogin" time="0.0">
    <ignored/>
  </testcase> <!-- Testswaglablogin -->
</testsuite> <!-- SwaglabLoginTests -->
