<?xml version="1.0" encoding="UTF-8"?>
<!-- Generated by org.testng.reporters.JUnitXMLReporter -->
<testsuite ignored="0" hostname="DESKTOP-14N1F2H" failures="0" tests="3" name="SwaglabCheckoutTest" time="13.724" errors="0" timestamp="2024-08-21T12:29:53 EDT">
  <testcase classname="com.pro.testcases.CheckoutTest" name="TestCheckOut" time="3.495"/>
  <testcase classname="com.pro.testcases.CheckoutTest" name="TestCheckOut2" time="2.519"/>
  <testcase classname="com.pro.testcases.CheckoutTest" name="TestCheckOut3" time="2.501"/>
</testsuite> <!-- SwaglabCheckoutTest -->
