<?xml version="1.0" encoding="UTF-8"?>
<!-- Generated by org.testng.reporters.JUnitXMLReporter -->
<testsuite ignored="0" hostname="DESKTOP-14N1F2H" failures="0" tests="3" name="SwaglabCheckoutTest" time="18.01" errors="0" timestamp="2024-09-18T00:16:33 EDT">
  <testcase classname="com.pro.testcases.CheckoutTest" name="TestCheckOut" time="3.785"/>
  <testcase classname="com.pro.testcases.CheckoutTest" name="TestCheckOut2" time="2.67"/>
  <testcase classname="com.pro.testcases.CheckoutTest" name="TestCheckOut3" time="2.677"/>
</testsuite> <!-- SwaglabCheckoutTest -->
