<?xml version="1.0" encoding="UTF-8"?>
<!-- Generated by org.testng.reporters.JUnitXMLReporter -->
<testsuite ignored="0" hostname="DESKTOP-14N1F2H" failures="0" tests="1" name="Test2" time="4.135" errors="0" timestamp="2024-09-18T23:43:08 EDT">
  <testcase classname="com.pro.pages.TestBase" name="@BeforeTest setup" time="4.122">
    <failure type="java.lang.NullPointerException" message="Cannot invoke &amp;quot;String.replaceAll(String, String)&amp;quot; because &amp;quot;x&amp;quot; is null">
      <![CDATA[java.lang.NullPointerException: Cannot invoke "String.replaceAll(String, String)" because "x" is null
at com.aventstack.extentreports.ExtentTest.lambda$assignAuthor$1(ExtentTest.java:1041)
at java.base/java.util.Spliterators$ArraySpliterator.forEachRemaining(Spliterators.java:992)
at java.base/java.util.stream.ReferencePipeline$Head.forEach(ReferencePipeline.java:762)
at com.aventstack.extentreports.ExtentTest.assignAuthor(ExtentTest.java:1040)
at com.pro.pages.TestBase.setup(TestBase.java:91)
... Removed 24 stack frames]]>
    </failure>
  </testcase> <!-- @BeforeTest setup -->
  <testcase classname="com.pro.pages.TestBase" name="@AfterMethod tearDownMethod" time="-1.726717388537E9">
    <skipped/>
  </testcase> <!-- @AfterMethod tearDownMethod -->
  <testcase classname="com.pro.pages.TestBase" name="@AfterTest Teardown" time="-1.726717388539E9">
    <skipped/>
  </testcase> <!-- @AfterTest Teardown -->
  <testcase classname="com.pro.testcases.AddToCartTest" name="TestAddToCart" time="0.0">
    <skipped/>
  </testcase> <!-- TestAddToCart -->
</testsuite> <!-- Test2 -->
