<?xml version="1.0" encoding="UTF-8"?>
<!-- Generated by org.testng.reporters.JUnitXMLReporter -->
<testsuite ignored="0" hostname="DESKTOP-14N1F2H" failures="0" tests="3" name="Test" time="9.985" errors="0" timestamp="2024-08-22T19:54:58 EDT">
  <testcase classname="com.pro.testcases.HomePageTest" name="Testswaglablogin" time="0.979"/>
  <testcase classname="com.pro.testcases.HomePageTest" name="TestAddToCart" time="0.556"/>
  <testcase classname="com.pro.testcases.HomePageTest" name="TestCheckOut" time="2.137"/>
</testsuite> <!-- Test -->
