<?xml version="1.0" encoding="UTF-8"?>
<!-- Generated by org.testng.reporters.JUnitXMLReporter -->
<testsuite ignored="0" hostname="DESKTOP-14N1F2H" failures="0" tests="3" name="Test" time="12.176" errors="0" timestamp="2024-09-19T09:05:51 EDT">
  <testcase classname="com.pro.testcases.HomePageTest" name="Testswaglablogin" time="1.042"/>
  <testcase classname="com.pro.testcases.HomePageTest" name="TestAddToCart" time="0.557"/>
  <testcase classname="com.pro.testcases.HomePageTest" name="TestCheckOut" time="2.199"/>
</testsuite> <!-- Test -->
