<?xml version="1.0" encoding="UTF-8"?>
<!-- Generated by org.testng.reporters.JUnitXMLReporter -->
<testsuite ignored="0" hostname="DESKTOP-14N1F2H" failures="0" tests="3" name="Test1" time="0.032" errors="0" timestamp="2024-09-18T23:43:04 EDT">
  <testcase classname="com.pro.pages.TestBase" name="@BeforeTest setup" time="0.003">
    <failure type="java.lang.NullPointerException" message="Cannot invoke &amp;quot;com.pro.Utilities.ConfigDataProvider.getUrl()&amp;quot; because &amp;quot;this.config&amp;quot; is null">
      <![CDATA[java.lang.NullPointerException: Cannot invoke "com.pro.Utilities.ConfigDataProvider.getUrl()" because "this.config" is null
at com.pro.pages.TestBase.setup(TestBase.java:80)
... Removed 24 stack frames]]>
    </failure>
  </testcase> <!-- @BeforeTest setup -->
  <testcase classname="com.pro.pages.TestBase" name="@AfterMethod tearDownMethod" time="-1.726717384375E9">
    <skipped/>
  </testcase> <!-- @AfterMethod tearDownMethod -->
  <testcase classname="com.pro.pages.TestBase" name="@AfterMethod tearDownMethod" time="-1.726717384379E9">
    <skipped/>
  </testcase> <!-- @AfterMethod tearDownMethod -->
  <testcase classname="com.pro.pages.TestBase" name="@AfterMethod tearDownMethod" time="-1.726717384382E9">
    <skipped/>
  </testcase> <!-- @AfterMethod tearDownMethod -->
  <testcase classname="com.pro.pages.TestBase" name="@AfterTest Teardown" time="-1.726717384383E9">
    <skipped/>
  </testcase> <!-- @AfterTest Teardown -->
  <testcase classname="com.pro.testcases.HomePageTest" name="Testswaglablogin" time="0.0">
    <skipped/>
  </testcase> <!-- Testswaglablogin -->
  <testcase classname="com.pro.testcases.HomePageTest" name="TestAddToCart" time="0.0">
    <skipped/>
  </testcase> <!-- TestAddToCart -->
  <testcase classname="com.pro.testcases.HomePageTest" name="TestCheckOut" time="0.0">
    <skipped/>
  </testcase> <!-- TestCheckOut -->
</testsuite> <!-- Test1 -->
