<?xml version="1.0" encoding="UTF-8"?>
<testng-results ignored="0" total="3" passed="3" failed="0" skipped="0">
  <reporter-output>
  </reporter-output>
  <suite started-at="2024-08-22T19:54:48 EDT" name="Suite" finished-at="2024-08-22T19:54:58 EDT" duration-ms="9985">
    <groups>
    </groups>
    <test started-at="2024-08-22T19:54:48 EDT" name="Test" finished-at="2024-08-22T19:54:58 EDT" duration-ms="9985">
      <class name="com.pro.testcases.HomePageTest">
        <test-method is-config="true" signature="setupSuite()[pri:0, instance:com.pro.testcases.HomePageTest@73a1e9a9]" started-at="2024-08-22T19:54:47 EDT" name="setupSuite" finished-at="2024-08-22T19:54:48 EDT" duration-ms="665" status="PASS">
          <reporter-output>
          </reporter-output>
        </test-method> <!-- setupSuite -->
        <test-method is-config="true" signature="setup(java.lang.String,org.testng.ITestContext)[pri:0, instance:com.pro.testcases.HomePageTest@73a1e9a9]" started-at="2024-08-22T19:54:48 EDT" name="setup" finished-at="2024-08-22T19:54:53 EDT" duration-ms="5488" status="PASS">
          <params>
            <param index="0">
              <value>
                <![CDATA[firefox]]>
              </value>
            </param>
            <param index="1">
              <value>
                <![CDATA[org.testng.TestRunner@29bd85db]]>
              </value>
            </param>
          </params>
          <reporter-output>
          </reporter-output>
        </test-method> <!-- setup -->
        <test-method signature="Testswaglablogin()[pri:1, instance:com.pro.testcases.HomePageTest@73a1e9a9]" started-at="2024-08-22T19:54:53 EDT" name="Testswaglablogin" finished-at="2024-08-22T19:54:54 EDT" duration-ms="979" status="PASS">
          <reporter-output>
          </reporter-output>
        </test-method> <!-- Testswaglablogin -->
        <test-method is-config="true" signature="tearDownMethod(org.testng.ITestResult,java.lang.reflect.Method)[pri:0, instance:com.pro.testcases.HomePageTest@73a1e9a9]" started-at="2024-08-22T19:54:54 EDT" name="tearDownMethod" finished-at="2024-08-22T19:54:54 EDT" duration-ms="0" status="PASS">
          <params>
            <param index="0">
              <value>
                <![CDATA[[TestResult name=Testswaglablogin status=SUCCESS method=HomePageTest.Testswaglablogin()[pri:1, instance:com.pro.testcases.HomePageTest@73a1e9a9] output={null}]]]>
              </value>
            </param>
            <param index="1">
              <value>
                <![CDATA[public void com.pro.testcases.HomePageTest.Testswaglablogin()]]>
              </value>
            </param>
          </params>
          <reporter-output>
          </reporter-output>
        </test-method> <!-- tearDownMethod -->
        <test-method signature="TestAddToCart()[pri:2, instance:com.pro.testcases.HomePageTest@73a1e9a9]" started-at="2024-08-22T19:54:54 EDT" name="TestAddToCart" finished-at="2024-08-22T19:54:55 EDT" duration-ms="556" status="PASS">
          <reporter-output>
          </reporter-output>
        </test-method> <!-- TestAddToCart -->
        <test-method is-config="true" signature="tearDownMethod(org.testng.ITestResult,java.lang.reflect.Method)[pri:0, instance:com.pro.testcases.HomePageTest@73a1e9a9]" started-at="2024-08-22T19:54:55 EDT" name="tearDownMethod" finished-at="2024-08-22T19:54:55 EDT" duration-ms="1" status="PASS">
          <params>
            <param index="0">
              <value>
                <![CDATA[[TestResult name=TestAddToCart status=SUCCESS method=HomePageTest.TestAddToCart()[pri:2, instance:com.pro.testcases.HomePageTest@73a1e9a9] output={null}]]]>
              </value>
            </param>
            <param index="1">
              <value>
                <![CDATA[public void com.pro.testcases.HomePageTest.TestAddToCart()]]>
              </value>
            </param>
          </params>
          <reporter-output>
          </reporter-output>
        </test-method> <!-- tearDownMethod -->
        <test-method signature="TestCheckOut()[pri:3, instance:com.pro.testcases.HomePageTest@73a1e9a9]" started-at="2024-08-22T19:54:55 EDT" name="TestCheckOut" finished-at="2024-08-22T19:54:57 EDT" duration-ms="2137" status="PASS">
          <reporter-output>
          </reporter-output>
        </test-method> <!-- TestCheckOut -->
        <test-method is-config="true" signature="tearDownMethod(org.testng.ITestResult,java.lang.reflect.Method)[pri:0, instance:com.pro.testcases.HomePageTest@73a1e9a9]" started-at="2024-08-22T19:54:57 EDT" name="tearDownMethod" finished-at="2024-08-22T19:54:57 EDT" duration-ms="1" status="PASS">
          <params>
            <param index="0">
              <value>
                <![CDATA[[TestResult name=TestCheckOut status=SUCCESS method=HomePageTest.TestCheckOut()[pri:3, instance:com.pro.testcases.HomePageTest@73a1e9a9] output={null}]]]>
              </value>
            </param>
            <param index="1">
              <value>
                <![CDATA[public void com.pro.testcases.HomePageTest.TestCheckOut()]]>
              </value>
            </param>
          </params>
          <reporter-output>
          </reporter-output>
        </test-method> <!-- tearDownMethod -->
        <test-method is-config="true" signature="Teardown()[pri:0, instance:com.pro.testcases.HomePageTest@73a1e9a9]" started-at="2024-08-22T19:54:57 EDT" name="Teardown" finished-at="2024-08-22T19:54:58 EDT" duration-ms="800" status="PASS">
          <reporter-output>
          </reporter-output>
        </test-method> <!-- Teardown -->
        <test-method is-config="true" signature="genrateReport()[pri:0, instance:com.pro.testcases.HomePageTest@73a1e9a9]" started-at="2024-08-22T19:54:58 EDT" name="genrateReport" finished-at="2024-08-22T19:54:58 EDT" duration-ms="333" status="PASS">
          <reporter-output>
          </reporter-output>
        </test-method> <!-- genrateReport -->
      </class> <!-- com.pro.testcases.HomePageTest -->
    </test> <!-- Test -->
  </suite> <!-- Suite -->
</testng-results>
